<?xml version="1.0" encoding="UTF-8"?>
<Site BuildName="(empty)"
	BuildStamp="20250519-0544-Experimental"
	Name="(empty)"
	Generator="ctest-4.0.2"
	CompilerName=""
	CompilerVersion=""
	OSName="Windows"
	Hostname="Ilnaz"
	OSRelease=" Personal"
	OSVersion=" (Build 26100)"
	OSPlatform="AMD64"
	Is64Bits="1"
	VendorString="AuthenticAMD"
	VendorID="Advanced Micro Devices"
	FamilyID="15"
	ModelID="5"
	ModelName="AMD Ryzen 7 8845HS w/ Radeon 780M Graphics"
	ProcessorCacheSize="64"
	NumberOfLogicalCPU="16"
	NumberOfPhysicalCPU="8"
	TotalVirtualMemory="34108"
	TotalPhysicalMemory="32060"
	LogicalProcessorsPerPhysical="2"
	ProcessorClockFrequency="3792"
	>
	<Testing>
		<StartDateTime>May 20 12:09 RTZ 2 ([NON-UTF-8-BYTE-0xE7][NON-UTF-8-BYTE-0xE8][NON-UTF-8-BYTE-0xEC][NON-UTF-8-BYTE-0xE0])</StartDateTime>
		<StartTestTime>1747732159</StartTestTime>
		<TestList/>
		<EndDateTime>May 20 12:09 RTZ 2 ([NON-UTF-8-BYTE-0xE7][NON-UTF-8-BYTE-0xE8][NON-UTF-8-BYTE-0xEC][NON-UTF-8-BYTE-0xE0])</EndDateTime>
		<EndTestTime>1747732159</EndTestTime>
		<ElapsedMinutes>0</ElapsedMinutes>
	</Testing>
</Site>
